<?xml version="1.0" encoding="UTF-8"?>
<testng-results ignored="0" total="1" passed="0" failed="1" skipped="0">
  <reporter-output>
  </reporter-output>
  <suite started-at="2023-10-23T19:09:30Z" name="Default suite" finished-at="2023-10-23T19:09:42Z" duration-ms="11942">
    <groups>
    </groups>
    <test started-at="2023-10-23T19:09:30Z" name="Default test" finished-at="2023-10-23T19:09:42Z" duration-ms="11942">
      <class name="com.shay.Web_Automation_Baics.AssertionExample">
        <test-method is-config="true" signature="startBrowser()[pri:0, instance:com.shay.Web_Automation_Baics.AssertionExample@7fcf2fc1]" started-at="2023-10-24T01:09:27Z" name="startBrowser" finished-at="2023-10-24T01:09:30Z" duration-ms="2688" status="PASS">
          <reporter-output>
          </reporter-output>
        </test-method> <!-- startBrowser -->
        <test-method signature="assertionTest()[pri:0, instance:com.shay.Web_Automation_Baics.AssertionExample@7fcf2fc1]" started-at="2023-10-24T01:09:30Z" name="assertionTest" finished-at="2023-10-24T01:09:42Z" duration-ms="11919" status="FAIL">
          <exception class="java.lang.AssertionError">
            <message>
              <![CDATA[The following asserts failed:
	expected [Alibaba.com: Manufacturers, Suppliers, Exporters & Importers from the world's largest online B2B marketplace] but found [libaba.com: Manufacturers, Suppliers, Exporters & Importers from the world's largest online B2B marketplace]]]>
            </message>
            <full-stacktrace>
              <![CDATA[java.lang.AssertionError: The following asserts failed:
	expected [Alibaba.com: Manufacturers, Suppliers, Exporters & Importers from the world's largest online B2B marketplace] but found [libaba.com: Manufacturers, Suppliers, Exporters & Importers from the world's largest online B2B marketplace]
	at org.testng.asserts.SoftAssert.assertAll(SoftAssert.java:43)
	at com.shay.Web_Automation_Baics.AssertionExample.assertionTest(AssertionExample.java:32)
	at java.base/jdk.internal.reflect.NativeMethodAccessorImpl.invoke0(Native Method)
	at java.base/jdk.internal.reflect.NativeMethodAccessorImpl.invoke(NativeMethodAccessorImpl.java:62)
	at java.base/jdk.internal.reflect.DelegatingMethodAccessorImpl.invoke(DelegatingMethodAccessorImpl.java:43)
	at java.base/java.lang.reflect.Method.invoke(Method.java:566)
	at org.testng.internal.MethodInvocationHelper.invokeMethod(MethodInvocationHelper.java:108)
	at org.testng.internal.Invoker.invokeMethod(Invoker.java:661)
	at org.testng.internal.Invoker.invokeTestMethod(Invoker.java:869)
	at org.testng.internal.Invoker.invokeTestMethods(Invoker.java:1193)
	at org.testng.internal.TestMethodWorker.invokeTestMethods(TestMethodWorker.java:126)
	at org.testng.internal.TestMethodWorker.run(TestMethodWorker.java:109)
	at org.testng.TestRunner.privateRun(TestRunner.java:744)
	at org.testng.TestRunner.run(TestRunner.java:602)
	at org.testng.SuiteRunner.runTest(SuiteRunner.java:380)
	at org.testng.SuiteRunner.runSequentially(SuiteRunner.java:375)
	at org.testng.SuiteRunner.privateRun(SuiteRunner.java:340)
	at org.testng.SuiteRunner.run(SuiteRunner.java:289)
	at org.testng.SuiteRunnerWorker.runSuite(SuiteRunnerWorker.java:52)
	at org.testng.SuiteRunnerWorker.run(SuiteRunnerWorker.java:86)
	at org.testng.TestNG.runSuitesSequentially(TestNG.java:1301)
	at org.testng.TestNG.runSuitesLocally(TestNG.java:1226)
	at org.testng.TestNG.runSuites(TestNG.java:1144)
	at org.testng.TestNG.run(TestNG.java:1115)
	at org.testng.remote.AbstractRemoteTestNG.run(AbstractRemoteTestNG.java:115)
	at org.testng.remote.RemoteTestNG.initAndRun(RemoteTestNG.java:251)
	at org.testng.remote.RemoteTestNG.main(RemoteTestNG.java:77)
]]>
            </full-stacktrace>
          </exception> <!-- java.lang.AssertionError -->
          <reporter-output>
          </reporter-output>
        </test-method> <!-- assertionTest -->
        <test-method is-config="true" signature="close()[pri:0, instance:com.shay.Web_Automation_Baics.AssertionExample@7fcf2fc1]" started-at="2023-10-24T01:09:42Z" name="close" finished-at="2023-10-24T01:09:42Z" duration-ms="408" status="PASS">
          <reporter-output>
          </reporter-output>
        </test-method> <!-- close -->
      </class> <!-- com.shay.Web_Automation_Baics.AssertionExample -->
    </test> <!-- Default test -->
  </suite> <!-- Default suite -->
</testng-results>
